2023-09/25 18:10:58 INFO  Log:17 - =========getMyStoreTitleTestTEST START=========
2023-09/25 18:10:58 INFO  Log:24 - getMyStoreTitleTest testcase is passed
2023-09/25 18:10:58 INFO  Log:20 - =========getMyStoreTitleTestTEST END=======
2023-09/25 18:11:07 INFO  Log:17 - =========verifyingMyStoreLogoTEST START=========
2023-09/25 18:11:07 INFO  Log:24 - verifyingMyStoreLogo testcase is passed
2023-09/25 18:11:07 INFO  Log:20 - =========verifyingMyStoreLogoTEST END=======
2023-09/25 18:11:13 INFO  Log:17 - =========gettingCuurentURLtestTEST START=========
2023-09/25 18:11:16 INFO  Log:24 - gettingCuurentURLtest testcase is passed
2023-09/25 18:11:16 INFO  Log:20 - =========gettingCuurentURLtestTEST END=======
2023-09/25 18:11:22 INFO  Log:17 - =========getMyStoreTitleTestTEST START=========
2023-09/25 18:11:25 INFO  Log:24 - getMyStoreTitleTest testcase is passed
2023-09/25 18:11:25 INFO  Log:20 - =========getMyStoreTitleTestTEST END=======
2023-09/25 18:11:31 INFO  Log:17 - =========validateWellcomeMSGTEST START=========
2023-09/25 18:11:34 INFO  Log:24 - validateWellcomeMSG testcase is passed
2023-09/25 18:11:34 INFO  Log:20 - =========validateWellcomeMSGTEST END=======
2023-09/25 18:11:41 INFO  Log:17 - =========searchArmaniProductTEST START=========
2023-09/25 18:11:46 INFO  Log:24 - searchArmaniProduct testcase is passed
2023-09/25 18:11:46 INFO  Log:20 - =========searchArmaniProductTEST END=======
2023-09/25 18:11:52 INFO  Log:17 - =========addToCartPageTestTEST START=========
2023-09/25 18:12:09 INFO  Log:24 - addToCartPageTest testcase is passed
2023-09/25 18:12:09 INFO  Log:20 - =========addToCartPageTestTEST END=======
2023-09/25 18:12:16 INFO  Log:17 - =========checkOutTestTEST START=========
2023-09/25 18:12:35 INFO  Log:24 - checkOutTest testcase is passed
2023-09/25 18:12:35 INFO  Log:20 - =========checkOutTestTEST END=======
2023-09/25 18:12:41 INFO  Log:17 - =========confirmOrderTestTEST START=========
2023-09/25 18:13:05 INFO  Log:24 - confirmOrderTest testcase is passed
2023-09/25 18:13:05 INFO  Log:20 - =========confirmOrderTestTEST END=======
2023-09/25 18:13:11 INFO  Log:17 - =========endToEndTestTEST START=========
2023-09/25 18:13:11 INFO  Log:24 - user is going to click on the login
2023-09/25 18:13:15 INFO  Log:24 - user successfully entered login credentials
2023-09/25 18:13:16 INFO  Log:24 - user entered product by name
2023-09/25 18:13:17 INFO  Log:24 - user successfully select size
2023-09/25 18:13:18 INFO  Log:24 - user entered quantity
2023-09/25 18:13:19 INFO  Log:24 - user select the country
2023-09/25 18:13:19 INFO  Log:24 - user is successfully selected state
2023-09/25 18:13:19 INFO  Log:24 - zip code is entered
2023-09/25 18:13:21 INFO  Log:24 - user successfully click on  the checkout
2023-09/25 18:13:24 INFO  Log:24 - user successfully getting success message
2023-09/25 18:13:25 INFO  Log:24 - endToEndTest testcase is passed
2023-09/25 18:13:25 INFO  Log:20 - =========endToEndTestTEST END=======
2023-09/25 19:57:54 INFO  Log:17 - =========getMyStoreTitleTestTEST START=========
2023-09/25 19:57:54 INFO  Log:24 - getMyStoreTitleTest testcase is passed
2023-09/25 19:57:54 INFO  Log:20 - =========getMyStoreTitleTestTEST END=======
2023-09/25 19:58:04 INFO  Log:17 - =========verifyingMyStoreLogoTEST START=========
2023-09/25 19:58:04 INFO  Log:24 - verifyingMyStoreLogo testcase is passed
2023-09/25 19:58:04 INFO  Log:20 - =========verifyingMyStoreLogoTEST END=======
2023-09/25 20:16:24 INFO  Log:17 - =========gettingCuurentURLtestTEST START=========
2023-09/25 20:16:27 INFO  Log:24 - gettingCuurentURLtest testcase is passed
2023-09/25 20:16:27 INFO  Log:20 - =========gettingCuurentURLtestTEST END=======
2023-09/25 20:16:34 INFO  Log:17 - =========getMyStoreTitleTestTEST START=========
2023-09/25 20:16:36 INFO  Log:24 - getMyStoreTitleTest testcase is passed
2023-09/25 20:16:36 INFO  Log:20 - =========getMyStoreTitleTestTEST END=======
2023-09/25 20:16:42 INFO  Log:17 - =========getMyStoreTitleTestTEST START=========
2023-09/25 20:16:45 INFO  Log:24 - getMyStoreTitleTest testcase is passed
2023-09/25 20:16:45 INFO  Log:20 - =========getMyStoreTitleTestTEST END=======
2023-09/25 20:16:51 INFO  Log:17 - =========getMyStoreTitleTestTEST START=========
2023-09/25 20:16:53 INFO  Log:24 - getMyStoreTitleTest testcase is passed
2023-09/25 20:16:53 INFO  Log:20 - =========getMyStoreTitleTestTEST END=======
2023-09/25 20:16:59 INFO  Log:17 - =========getMyStoreTitleTestTEST START=========
2023-09/25 20:17:01 INFO  Log:24 - getMyStoreTitleTest testcase is passed
2023-09/25 20:17:01 INFO  Log:20 - =========getMyStoreTitleTestTEST END=======
2023-09/25 20:17:07 INFO  Log:17 - =========getMyStoreTitleTestTEST START=========
2023-09/25 20:17:10 INFO  Log:24 - getMyStoreTitleTest testcase is passed
2023-09/25 20:17:10 INFO  Log:20 - =========getMyStoreTitleTestTEST END=======
2023-09/25 20:20:40 INFO  Log:17 - =========gettingCuurentURLtestTEST START=========
2023-09/25 20:20:43 INFO  Log:24 - gettingCuurentURLtest testcase is passed
2023-09/25 20:20:43 INFO  Log:20 - =========gettingCuurentURLtestTEST END=======
2023-09/25 20:22:16 INFO  Log:17 - =========gettingCuurentURLtestTEST START=========
2023-09/25 20:22:19 INFO  Log:24 - gettingCuurentURLtest testcase is passed
2023-09/25 20:22:19 INFO  Log:20 - =========gettingCuurentURLtestTEST END=======
2023-09/25 20:22:26 INFO  Log:17 - =========getMyStoreTitleTestTEST START=========
2023-09/25 20:22:29 INFO  Log:24 - getMyStoreTitleTest testcase is passed
2023-09/25 20:22:29 INFO  Log:20 - =========getMyStoreTitleTestTEST END=======
2023-09/25 20:22:35 INFO  Log:17 - =========getMyStoreTitleTestTEST START=========
2023-09/25 20:22:38 INFO  Log:24 - getMyStoreTitleTest testcase is passed
2023-09/25 20:22:38 INFO  Log:20 - =========getMyStoreTitleTestTEST END=======
2023-09/25 20:22:43 INFO  Log:17 - =========getMyStoreTitleTestTEST START=========
2023-09/25 20:22:46 INFO  Log:24 - getMyStoreTitleTest testcase is passed
2023-09/25 20:22:46 INFO  Log:20 - =========getMyStoreTitleTestTEST END=======
2023-09/25 20:22:51 INFO  Log:17 - =========getMyStoreTitleTestTEST START=========
2023-09/25 20:22:54 INFO  Log:24 - getMyStoreTitleTest testcase is passed
2023-09/25 20:22:54 INFO  Log:20 - =========getMyStoreTitleTestTEST END=======
2023-09/25 20:49:42 INFO  Log:17 - =========getMyStoreTitleTestTEST START=========
2023-09/25 20:49:42 INFO  Log:24 - getMyStoreTitleTest testcase is passed
2023-09/25 20:49:42 INFO  Log:20 - =========getMyStoreTitleTestTEST END=======
2023-09/25 20:49:48 INFO  Log:17 - =========verifyingMyStoreLogoTEST START=========
2023-09/25 20:49:48 INFO  Log:24 - verifyingMyStoreLogo testcase is passed
2023-09/25 20:49:48 INFO  Log:20 - =========verifyingMyStoreLogoTEST END=======
2023-09/25 20:49:55 INFO  Log:17 - =========gettingCuurentURLtestTEST START=========
2023-09/25 20:49:57 INFO  Log:24 - gettingCuurentURLtest testcase is passed
2023-09/25 20:49:57 INFO  Log:20 - =========gettingCuurentURLtestTEST END=======
2023-09/25 20:50:04 INFO  Log:17 - =========getMyStoreTitleTestTEST START=========
2023-09/25 20:50:08 INFO  Log:24 - getMyStoreTitleTest testcase is passed
2023-09/25 20:50:08 INFO  Log:20 - =========getMyStoreTitleTestTEST END=======
2023-09/25 20:50:14 INFO  Log:17 - =========getMyStoreTitleTestTEST START=========
2023-09/25 20:50:17 INFO  Log:24 - getMyStoreTitleTest testcase is passed
2023-09/25 20:50:17 INFO  Log:20 - =========getMyStoreTitleTestTEST END=======
2023-09/25 20:50:23 INFO  Log:17 - =========getMyStoreTitleTestTEST START=========
2023-09/25 20:50:25 INFO  Log:24 - getMyStoreTitleTest testcase is passed
2023-09/25 20:50:25 INFO  Log:20 - =========getMyStoreTitleTestTEST END=======
2023-09/25 20:50:32 INFO  Log:17 - =========getMyStoreTitleTestTEST START=========
2023-09/25 20:50:34 INFO  Log:24 - getMyStoreTitleTest testcase is passed
2023-09/25 20:50:34 INFO  Log:20 - =========getMyStoreTitleTestTEST END=======
2023-09/25 20:50:40 INFO  Log:17 - =========validateWellcomeMSGTEST START=========
2023-09/25 20:50:43 INFO  Log:24 - validateWellcomeMSG testcase is passed
2023-09/25 20:50:43 INFO  Log:20 - =========validateWellcomeMSGTEST END=======
2023-09/25 20:50:49 INFO  Log:17 - =========searchArmaniProductTEST START=========
2023-09/25 20:50:55 INFO  Log:24 - searchArmaniProduct testcase is passed
2023-09/25 20:50:55 INFO  Log:20 - =========searchArmaniProductTEST END=======
2023-09/25 20:51:01 INFO  Log:17 - =========addToCartPageTestTEST START=========
2023-09/25 20:51:08 INFO  Log:24 - addToCartPageTest testcase is passed
2023-09/25 20:51:08 INFO  Log:20 - =========addToCartPageTestTEST END=======
2023-09/25 20:51:14 INFO  Log:17 - =========checkOutTestTEST START=========
2023-09/25 20:51:23 INFO  Log:24 - checkOutTest testcase is passed
2023-09/25 20:51:23 INFO  Log:20 - =========checkOutTestTEST END=======
2023-09/25 20:51:29 INFO  Log:17 - =========confirmOrderTestTEST START=========
2023-09/25 20:51:42 INFO  Log:24 - confirmOrderTest testcase is passed
2023-09/25 20:51:42 INFO  Log:20 - =========confirmOrderTestTEST END=======
2023-09/25 20:51:48 INFO  Log:17 - =========endToEndTestTEST START=========
2023-09/25 20:51:48 INFO  Log:24 - user is going to click on the login
2023-09/25 20:51:51 INFO  Log:24 - user successfully entered login credentials
2023-09/25 20:51:52 INFO  Log:24 - user entered product by name
2023-09/25 20:51:54 INFO  Log:24 - user successfully select size
2023-09/25 20:51:54 INFO  Log:24 - user entered quantity
2023-09/25 20:51:55 INFO  Log:24 - user select the country
2023-09/25 20:51:55 INFO  Log:24 - user is successfully selected state
2023-09/25 20:51:55 INFO  Log:24 - zip code is entered
2023-09/25 20:51:57 INFO  Log:24 - user successfully click on  the checkout
2023-09/25 20:51:59 INFO  Log:24 - user successfully getting success message
2023-09/25 20:52:01 INFO  Log:24 - endToEndTest testcase is passed
2023-09/25 20:52:01 INFO  Log:20 - =========endToEndTestTEST END=======
2023-09/25 21:19:43 INFO  Log:17 - =========validateWellcomeMSGTEST START=========
2023-09/25 21:19:46 INFO  Log:24 - validateWellcomeMSG testcase is passed
2023-09/25 21:19:46 INFO  Log:20 - =========validateWellcomeMSGTEST END=======
2023-09/25 21:19:53 INFO  Log:17 - =========getMyStoreTitleTestTEST START=========
2023-09/25 21:19:53 INFO  Log:24 - getMyStoreTitleTest testcase is passed
2023-09/25 21:19:53 INFO  Log:20 - =========getMyStoreTitleTestTEST END=======
2023-09/25 21:19:59 INFO  Log:17 - =========verifyingMyStoreLogoTEST START=========
2023-09/25 21:19:59 INFO  Log:24 - verifyingMyStoreLogo testcase is passed
2023-09/25 21:19:59 INFO  Log:20 - =========verifyingMyStoreLogoTEST END=======
2023-09/25 21:20:05 INFO  Log:17 - =========searchArmaniProductTEST START=========
2023-09/25 21:20:11 INFO  Log:24 - searchArmaniProduct testcase is passed
2023-09/25 21:20:11 INFO  Log:20 - =========searchArmaniProductTEST END=======
2023-09/25 21:20:17 INFO  Log:17 - =========gettingCuurentURLtestTEST START=========
2023-09/25 21:20:20 INFO  Log:24 - gettingCuurentURLtest testcase is passed
2023-09/25 21:20:20 INFO  Log:20 - =========gettingCuurentURLtestTEST END=======
2023-09/25 21:20:27 INFO  Log:17 - =========getMyStoreTitleTestTEST START=========
2023-09/25 21:20:31 INFO  Log:24 - getMyStoreTitleTest testcase is passed
2023-09/25 21:20:31 INFO  Log:20 - =========getMyStoreTitleTestTEST END=======
2023-09/25 21:20:37 INFO  Log:17 - =========getMyStoreTitleTestTEST START=========
2023-09/25 21:20:40 INFO  Log:24 - getMyStoreTitleTest testcase is passed
2023-09/25 21:20:40 INFO  Log:20 - =========getMyStoreTitleTestTEST END=======
2023-09/25 21:20:46 INFO  Log:17 - =========getMyStoreTitleTestTEST START=========
2023-09/25 21:20:49 INFO  Log:24 - getMyStoreTitleTest testcase is passed
2023-09/25 21:20:49 INFO  Log:20 - =========getMyStoreTitleTestTEST END=======
2023-09/25 21:20:55 INFO  Log:17 - =========getMyStoreTitleTestTEST START=========
2023-09/25 21:20:58 INFO  Log:24 - getMyStoreTitleTest testcase is passed
2023-09/25 21:20:58 INFO  Log:20 - =========getMyStoreTitleTestTEST END=======
2023-09/25 21:23:34 INFO  Log:17 - =========gettingCuurentURLtestTEST START=========
2023-09/25 21:23:38 INFO  Log:24 - gettingCuurentURLtest testcase is passed
2023-09/25 21:23:38 INFO  Log:20 - =========gettingCuurentURLtestTEST END=======
2023-09/25 21:23:47 INFO  Log:17 - =========getMyStoreTitleTestTEST START=========
2023-09/25 21:23:50 INFO  Log:24 - getMyStoreTitleTest testcase is passed
2023-09/25 21:23:50 INFO  Log:20 - =========getMyStoreTitleTestTEST END=======
2023-09/25 21:23:56 INFO  Log:17 - =========getMyStoreTitleTestTEST START=========
2023-09/25 21:23:58 INFO  Log:24 - getMyStoreTitleTest testcase is passed
2023-09/25 21:23:58 INFO  Log:20 - =========getMyStoreTitleTestTEST END=======
2023-09/25 21:24:05 INFO  Log:17 - =========getMyStoreTitleTestTEST START=========
2023-09/25 21:24:07 INFO  Log:24 - getMyStoreTitleTest testcase is passed
2023-09/25 21:24:07 INFO  Log:20 - =========getMyStoreTitleTestTEST END=======
2023-09/25 21:24:13 INFO  Log:17 - =========getMyStoreTitleTestTEST START=========
2023-09/25 21:24:16 INFO  Log:24 - getMyStoreTitleTest testcase is passed
2023-09/25 21:24:16 INFO  Log:20 - =========getMyStoreTitleTestTEST END=======
2023-09/25 21:24:22 INFO  Log:17 - =========searchArmaniProductTEST START=========
2023-09/25 21:24:28 INFO  Log:24 - searchArmaniProduct testcase is passed
2023-09/25 21:24:28 INFO  Log:20 - =========searchArmaniProductTEST END=======
2023-09/25 21:24:34 INFO  Log:17 - =========addToCartPageTestTEST START=========
2023-09/25 21:24:41 INFO  Log:24 - addToCartPageTest testcase is passed
2023-09/25 21:24:41 INFO  Log:20 - =========addToCartPageTestTEST END=======
2023-09/25 21:24:47 INFO  Log:17 - =========checkOutTestTEST START=========
2023-09/25 21:24:57 INFO  Log:24 - checkOutTest testcase is passed
2023-09/25 21:24:57 INFO  Log:20 - =========checkOutTestTEST END=======
2023-09/25 21:25:04 INFO  Log:17 - =========confirmOrderTestTEST START=========
2023-09/25 21:25:18 INFO  Log:24 - confirmOrderTest testcase is passed
2023-09/25 21:25:18 INFO  Log:20 - =========confirmOrderTestTEST END=======
2023-09/25 21:26:39 INFO  Log:17 - =========addToCartPageTestTEST START=========
2023-09/25 21:26:47 INFO  Log:24 - addToCartPageTest testcase is passed
2023-09/25 21:26:47 INFO  Log:20 - =========addToCartPageTestTEST END=======
2023-09/25 21:26:54 INFO  Log:17 - =========confirmOrderTestTEST START=========
2023-09/25 21:27:06 INFO  Log:24 - confirmOrderTest testcase is passed
2023-09/25 21:27:06 INFO  Log:20 - =========confirmOrderTestTEST END=======
2023-09/25 21:27:13 INFO  Log:17 - =========endToEndTestTEST START=========
2023-09/25 21:27:13 INFO  Log:24 - user is going to click on the login
2023-09/25 21:27:17 INFO  Log:24 - user successfully entered login credentials
2023-09/25 21:27:18 INFO  Log:24 - user entered product by name
2023-09/25 21:27:20 INFO  Log:24 - user successfully select size
2023-09/25 21:27:20 INFO  Log:24 - user entered quantity
2023-09/25 21:27:21 INFO  Log:24 - user select the country
2023-09/25 21:27:21 INFO  Log:24 - user is successfully selected state
2023-09/25 21:27:22 INFO  Log:24 - zip code is entered
2023-09/25 21:27:23 INFO  Log:24 - user successfully click on  the checkout
2023-09/25 21:27:25 INFO  Log:24 - user successfully getting success message
2023-09/25 21:27:26 INFO  Log:24 - endToEndTest testcase is passed
2023-09/25 21:27:26 INFO  Log:20 - =========endToEndTestTEST END=======
2023-09/25 21:43:35 INFO  Log:17 - =========getMyStoreTitleTestTEST START=========
2023-09/25 21:43:35 INFO  Log:24 - getMyStoreTitleTest testcase is passed
2023-09/25 21:43:35 INFO  Log:20 - =========getMyStoreTitleTestTEST END=======
2023-09/25 21:43:42 INFO  Log:17 - =========verifyingMyStoreLogoTEST START=========
2023-09/25 21:43:42 INFO  Log:24 - verifyingMyStoreLogo testcase is passed
2023-09/25 21:43:42 INFO  Log:20 - =========verifyingMyStoreLogoTEST END=======
2023-09/25 21:43:49 INFO  Log:17 - =========gettingCuurentURLtestTEST START=========
2023-09/25 21:43:52 INFO  Log:24 - gettingCuurentURLtest testcase is passed
2023-09/25 21:43:52 INFO  Log:20 - =========gettingCuurentURLtestTEST END=======
2023-09/25 21:44:00 INFO  Log:17 - =========getMyStoreTitleTestTEST START=========
2023-09/25 21:44:03 INFO  Log:24 - getMyStoreTitleTest testcase is passed
2023-09/25 21:44:03 INFO  Log:20 - =========getMyStoreTitleTestTEST END=======
2023-09/25 21:44:10 INFO  Log:17 - =========getMyStoreTitleTestTEST START=========
2023-09/25 21:44:13 INFO  Log:24 - getMyStoreTitleTest testcase is passed
2023-09/25 21:44:13 INFO  Log:20 - =========getMyStoreTitleTestTEST END=======
2023-09/25 21:44:20 INFO  Log:17 - =========getMyStoreTitleTestTEST START=========
2023-09/25 21:44:23 INFO  Log:24 - getMyStoreTitleTest testcase is passed
2023-09/25 21:44:23 INFO  Log:20 - =========getMyStoreTitleTestTEST END=======
2023-09/25 21:44:29 INFO  Log:17 - =========getMyStoreTitleTestTEST START=========
2023-09/25 21:44:33 INFO  Log:24 - getMyStoreTitleTest testcase is passed
2023-09/25 21:44:33 INFO  Log:20 - =========getMyStoreTitleTestTEST END=======
2023-09/25 21:44:40 INFO  Log:17 - =========validateWellcomeMSGTEST START=========
2023-09/25 21:44:43 INFO  Log:24 - validateWellcomeMSG testcase is passed
2023-09/25 21:44:43 INFO  Log:20 - =========validateWellcomeMSGTEST END=======
2023-09/25 21:44:50 INFO  Log:17 - =========searchArmaniProductTEST START=========
2023-09/25 21:44:55 INFO  Log:24 - searchArmaniProduct testcase is passed
2023-09/25 21:44:55 INFO  Log:20 - =========searchArmaniProductTEST END=======
2023-09/25 21:45:04 INFO  Log:17 - =========addToCartPageTestTEST START=========
2023-09/25 21:45:12 INFO  Log:24 - addToCartPageTest testcase is passed
2023-09/25 21:45:12 INFO  Log:20 - =========addToCartPageTestTEST END=======
2023-09/25 21:45:23 INFO  Log:17 - =========checkOutTestTEST START=========
2023-09/25 21:45:33 INFO  Log:24 - checkOutTest testcase is passed
2023-09/25 21:45:33 INFO  Log:20 - =========checkOutTestTEST END=======
2023-09/25 21:45:42 INFO  Log:17 - =========confirmOrderTestTEST START=========
2023-09/25 21:45:56 INFO  Log:24 - confirmOrderTest testcase is passed
2023-09/25 21:45:56 INFO  Log:20 - =========confirmOrderTestTEST END=======
2023-09/25 21:46:03 INFO  Log:17 - =========endToEndTestTEST START=========
2023-09/25 21:46:03 INFO  Log:24 - user is going to click on the login
2023-09/25 21:46:06 INFO  Log:24 - user successfully entered login credentials
2023-09/25 21:46:08 INFO  Log:24 - user entered product by name
2023-09/25 21:46:09 INFO  Log:24 - user successfully select size
2023-09/25 21:46:09 INFO  Log:24 - user entered quantity
2023-09/25 21:46:11 INFO  Log:24 - user select the country
2023-09/25 21:46:11 INFO  Log:24 - user is successfully selected state
2023-09/25 21:46:11 INFO  Log:24 - zip code is entered
2023-09/25 21:46:13 INFO  Log:24 - user successfully click on  the checkout
2023-09/25 21:46:15 INFO  Log:24 - user successfully getting success message
2023-09/25 21:46:17 INFO  Log:24 - endToEndTest testcase is passed
2023-09/25 21:46:17 INFO  Log:20 - =========endToEndTestTEST END=======
2023-09/25 22:19:03 INFO  Log:17 - =========getMyStoreTitleTestTEST START=========
2023-09/25 22:19:04 INFO  Log:24 - getMyStoreTitleTest testcase is passed
2023-09/25 22:19:04 INFO  Log:20 - =========getMyStoreTitleTestTEST END=======
2023-09/25 22:19:10 INFO  Log:17 - =========verifyingMyStoreLogoTEST START=========
2023-09/25 22:19:11 INFO  Log:24 - verifyingMyStoreLogo testcase is passed
2023-09/25 22:19:11 INFO  Log:20 - =========verifyingMyStoreLogoTEST END=======
2023-09/25 22:34:43 INFO  Log:17 - =========addToCartPageTestTEST START=========
2023-09/25 22:35:20 INFO  Log:17 - =========getMyStoreTitleTestTEST START=========
2023-09/25 22:35:20 INFO  Log:24 - getMyStoreTitleTest testcase is passed
2023-09/25 22:35:20 INFO  Log:20 - =========getMyStoreTitleTestTEST END=======
2023-09/25 22:35:26 INFO  Log:17 - =========verifyingMyStoreLogoTEST START=========
2023-09/25 22:35:27 INFO  Log:24 - verifyingMyStoreLogo testcase is passed
2023-09/25 22:35:27 INFO  Log:20 - =========verifyingMyStoreLogoTEST END=======
2023-09/25 22:35:33 INFO  Log:17 - =========gettingCuurentURLtestTEST START=========
2023-09/25 22:35:36 INFO  Log:24 - gettingCuurentURLtest testcase is passed
2023-09/25 22:35:36 INFO  Log:20 - =========gettingCuurentURLtestTEST END=======
2023-09/25 22:35:43 INFO  Log:17 - =========getMyStoreTitleTestTEST START=========
2023-09/25 22:35:47 INFO  Log:24 - getMyStoreTitleTest testcase is passed
2023-09/25 22:35:47 INFO  Log:20 - =========getMyStoreTitleTestTEST END=======
2023-09/25 22:35:53 INFO  Log:17 - =========getMyStoreTitleTestTEST START=========
2023-09/25 22:35:56 INFO  Log:24 - getMyStoreTitleTest testcase is passed
2023-09/25 22:35:56 INFO  Log:20 - =========getMyStoreTitleTestTEST END=======
2023-09/25 22:36:03 INFO  Log:17 - =========getMyStoreTitleTestTEST START=========
2023-09/25 22:36:05 INFO  Log:24 - getMyStoreTitleTest testcase is passed
2023-09/25 22:36:05 INFO  Log:20 - =========getMyStoreTitleTestTEST END=======
2023-09/25 22:36:11 INFO  Log:17 - =========getMyStoreTitleTestTEST START=========
2023-09/25 22:36:14 INFO  Log:24 - getMyStoreTitleTest testcase is passed
2023-09/25 22:36:14 INFO  Log:20 - =========getMyStoreTitleTestTEST END=======
2023-09/25 22:36:20 INFO  Log:17 - =========validateWellcomeMSGTEST START=========
2023-09/25 22:36:23 INFO  Log:24 - validateWellcomeMSG testcase is passed
2023-09/25 22:36:23 INFO  Log:20 - =========validateWellcomeMSGTEST END=======
2023-09/25 22:36:29 INFO  Log:17 - =========searchArmaniProductTEST START=========
2023-09/25 22:36:34 INFO  Log:24 - searchArmaniProduct testcase is passed
2023-09/25 22:36:34 INFO  Log:20 - =========searchArmaniProductTEST END=======
2023-09/25 22:36:41 INFO  Log:17 - =========addToCartPageTestTEST START=========
2023-09/25 22:36:48 INFO  Log:24 - addToCartPageTest testcase is passed
2023-09/25 22:36:48 INFO  Log:20 - =========addToCartPageTestTEST END=======
2023-09/25 22:36:54 INFO  Log:17 - =========checkOutTestTEST START=========
2023-09/25 22:37:03 INFO  Log:24 - checkOutTest testcase is passed
2023-09/25 22:37:03 INFO  Log:20 - =========checkOutTestTEST END=======
2023-09/25 22:37:10 INFO  Log:17 - =========confirmOrderTestTEST START=========
2023-09/25 22:37:24 INFO  Log:24 - confirmOrderTest testcase is passed
2023-09/25 22:37:24 INFO  Log:20 - =========confirmOrderTestTEST END=======
2023-09/25 22:37:30 INFO  Log:17 - =========endToEndTestTEST START=========
2023-09/25 22:37:30 INFO  Log:24 - user is going to click on the login
2023-09/25 22:37:32 INFO  Log:24 - user successfully entered login credentials
2023-09/25 22:37:34 INFO  Log:24 - user entered product by name
2023-09/25 22:37:35 INFO  Log:24 - user successfully select size
2023-09/25 22:37:35 INFO  Log:24 - user entered quantity
2023-09/25 22:37:37 INFO  Log:24 - user select the country
2023-09/25 22:37:37 INFO  Log:24 - user is successfully selected state
2023-09/25 22:37:37 INFO  Log:24 - zip code is entered
2023-09/25 22:37:39 INFO  Log:24 - user successfully click on  the checkout
2023-09/25 22:37:41 INFO  Log:24 - user successfully getting success message
2023-09/25 22:37:42 INFO  Log:24 - endToEndTest testcase is passed
2023-09/25 22:37:42 INFO  Log:20 - =========endToEndTestTEST END=======
2023-09/26 10:27:20 INFO  Log:17 - =========addToCartPageTestTEST START=========
2023-09/26 10:27:32 INFO  Log:24 - addToCartPageTest testcase is passed
2023-09/26 10:27:32 INFO  Log:20 - =========addToCartPageTestTEST END=======
2023-09/26 10:27:39 INFO  Log:17 - =========confirmOrderTestTEST START=========
2023-09/26 10:27:57 INFO  Log:24 - confirmOrderTest testcase is passed
2023-09/26 10:27:57 INFO  Log:20 - =========confirmOrderTestTEST END=======
2023-09/26 10:28:05 INFO  Log:17 - =========endToEndTestTEST START=========
2023-09/26 10:28:05 INFO  Log:24 - user is going to click on the login
2023-09/26 10:28:09 INFO  Log:24 - user successfully entered login credentials
2023-09/26 10:28:11 INFO  Log:24 - user entered product by name
2023-09/26 10:28:13 INFO  Log:24 - user successfully select size
2023-09/26 10:28:13 INFO  Log:24 - user entered quantity
2023-09/26 10:28:15 INFO  Log:24 - user select the country
2023-09/26 10:28:15 INFO  Log:24 - user is successfully selected state
2023-09/26 10:28:15 INFO  Log:24 - zip code is entered
2023-09/26 10:28:17 INFO  Log:24 - user successfully click on  the checkout
2023-09/26 10:28:19 INFO  Log:24 - user successfully getting success message
2023-09/26 10:28:21 INFO  Log:24 - endToEndTest testcase is passed
2023-09/26 10:28:21 INFO  Log:20 - =========endToEndTestTEST END=======
2023-09/26 10:29:57 INFO  Log:17 - =========getMyStoreTitleTestTEST START=========
2023-09/26 10:29:57 INFO  Log:24 - getMyStoreTitleTest testcase is passed
2023-09/26 10:29:57 INFO  Log:20 - =========getMyStoreTitleTestTEST END=======
2023-09/26 10:30:07 INFO  Log:17 - =========verifyingMyStoreLogoTEST START=========
2023-09/26 10:30:08 INFO  Log:24 - verifyingMyStoreLogo testcase is passed
2023-09/26 10:30:08 INFO  Log:20 - =========verifyingMyStoreLogoTEST END=======
2023-09/26 10:30:16 INFO  Log:17 - =========gettingCuurentURLtestTEST START=========
2023-09/26 10:30:20 INFO  Log:24 - gettingCuurentURLtest testcase is passed
2023-09/26 10:30:20 INFO  Log:20 - =========gettingCuurentURLtestTEST END=======
2023-09/26 10:30:28 INFO  Log:17 - =========validateWellcomeMSGTEST START=========
2023-09/26 10:30:32 INFO  Log:24 - validateWellcomeMSG testcase is passed
2023-09/26 10:30:32 INFO  Log:20 - =========validateWellcomeMSGTEST END=======
2023-09/26 10:30:39 INFO  Log:17 - =========searchArmaniProductTEST START=========
2023-09/26 10:30:47 INFO  Log:24 - searchArmaniProduct testcase is passed
2023-09/26 10:30:47 INFO  Log:20 - =========searchArmaniProductTEST END=======
2023-09/26 10:30:55 INFO  Log:17 - =========addToCartPageTestTEST START=========
2023-09/26 10:31:05 INFO  Log:24 - addToCartPageTest testcase is passed
2023-09/26 10:31:05 INFO  Log:20 - =========addToCartPageTestTEST END=======
2023-09/26 10:31:12 INFO  Log:17 - =========checkOutTestTEST START=========
2023-09/26 10:31:26 INFO  Log:24 - checkOutTest testcase is passed
2023-09/26 10:31:26 INFO  Log:20 - =========checkOutTestTEST END=======
2023-09/26 10:31:33 INFO  Log:17 - =========confirmOrderTestTEST START=========
2023-09/26 10:31:50 INFO  Log:24 - confirmOrderTest testcase is passed
2023-09/26 10:31:50 INFO  Log:20 - =========confirmOrderTestTEST END=======
2023-09/26 10:31:59 INFO  Log:17 - =========endToEndTestTEST START=========
2023-09/26 10:31:59 INFO  Log:24 - user is going to click on the login
2023-09/26 10:32:03 INFO  Log:24 - user successfully entered login credentials
2023-09/26 10:32:05 INFO  Log:24 - user entered product by name
2023-09/26 10:32:07 INFO  Log:24 - user successfully select size
2023-09/26 10:32:07 INFO  Log:24 - user entered quantity
2023-09/26 10:32:09 INFO  Log:24 - user select the country
2023-09/26 10:32:09 INFO  Log:24 - user is successfully selected state
2023-09/26 10:32:09 INFO  Log:24 - zip code is entered
2023-09/26 10:32:11 INFO  Log:24 - user successfully click on  the checkout
2023-09/26 10:32:13 INFO  Log:24 - user successfully getting success message
2023-09/26 10:32:15 INFO  Log:24 - endToEndTest testcase is passed
2023-09/26 10:32:15 INFO  Log:20 - =========endToEndTestTEST END=======
2023-09/26 10:44:25 INFO  Log:17 - =========validateWellcomeMSGTEST START=========
2023-09/26 10:44:28 INFO  Log:24 - validateWellcomeMSG testcase is passed
2023-09/26 10:44:28 INFO  Log:20 - =========validateWellcomeMSGTEST END=======
2023-09/26 10:44:36 INFO  Log:17 - =========getMyStoreTitleTestTEST START=========
2023-09/26 10:44:36 INFO  Log:24 - getMyStoreTitleTest testcase is passed
2023-09/26 10:44:36 INFO  Log:20 - =========getMyStoreTitleTestTEST END=======
2023-09/26 10:44:47 INFO  Log:17 - =========verifyingMyStoreLogoTEST START=========
2023-09/26 10:44:57 INFO  Log:17 - =========searchArmaniProductTEST START=========
2023-09/26 10:45:04 INFO  Log:24 - searchArmaniProduct testcase is passed
2023-09/26 10:45:04 INFO  Log:20 - =========searchArmaniProductTEST END=======
2023-09/26 10:45:12 INFO  Log:17 - =========gettingCuurentURLtestTEST START=========
2023-09/26 10:45:17 INFO  Log:24 - gettingCuurentURLtest testcase is passed
2023-09/26 10:45:17 INFO  Log:20 - =========gettingCuurentURLtestTEST END=======
2023-09/26 10:45:26 INFO  Log:17 - =========getMyStoreTitleTestTEST START=========
2023-09/26 10:45:30 INFO  Log:24 - getMyStoreTitleTest testcase is passed
2023-09/26 10:45:30 INFO  Log:20 - =========getMyStoreTitleTestTEST END=======
2023-09/26 10:45:38 INFO  Log:17 - =========getMyStoreTitleTestTEST START=========
2023-09/26 10:45:41 INFO  Log:24 - getMyStoreTitleTest testcase is passed
2023-09/26 10:45:41 INFO  Log:20 - =========getMyStoreTitleTestTEST END=======
2023-09/26 10:45:49 INFO  Log:17 - =========getMyStoreTitleTestTEST START=========
2023-09/26 10:45:53 INFO  Log:24 - getMyStoreTitleTest testcase is passed
2023-09/26 10:45:53 INFO  Log:20 - =========getMyStoreTitleTestTEST END=======
2023-09/26 10:46:01 INFO  Log:17 - =========getMyStoreTitleTestTEST START=========
2023-09/26 10:46:05 INFO  Log:24 - getMyStoreTitleTest testcase is passed
2023-09/26 10:46:05 INFO  Log:20 - =========getMyStoreTitleTestTEST END=======
2023-10/06 14:41:27 INFO  Log:17 - =========validateWellcomeMSGTEST START=========
2023-10/06 14:41:54 INFO  Log:17 - =========addToCartPageTestTEST START=========
2023-10/06 14:42:21 INFO  Log:17 - =========getMyStoreTitleTestTEST START=========
2023-10/06 14:42:21 INFO  Log:24 - getMyStoreTitleTest testcase is passed
2023-10/06 14:42:21 INFO  Log:20 - =========getMyStoreTitleTestTEST END=======
2023-10/06 14:42:34 INFO  Log:17 - =========verifyingMyStoreLogoTEST START=========
2023-10/06 14:42:34 INFO  Log:24 - verifyingMyStoreLogo testcase is passed
2023-10/06 14:42:34 INFO  Log:20 - =========verifyingMyStoreLogoTEST END=======
2023-10/06 14:42:50 INFO  Log:17 - =========gettingCuurentURLtestTEST START=========
2023-10/06 14:43:05 INFO  Log:17 - =========getMyStoreTitleTestTEST START=========
2023-10/06 14:43:06 INFO  Log:24 - getMyStoreTitleTest testcase is passed
2023-10/06 14:43:06 INFO  Log:20 - =========getMyStoreTitleTestTEST END=======
2023-10/06 14:44:26 INFO  Log:17 - =========confirmOrderTestTEST START=========
2023-10/06 14:44:52 INFO  Log:17 - =========endToEndTestTEST START=========
2023-10/06 14:44:52 INFO  Log:24 - user is going to click on the login
2023-10/06 14:44:54 INFO  Log:24 - user successfully entered login credentials
2023-10/06 14:44:55 INFO  Log:24 - user entered product by name
2023-10/06 14:44:57 INFO  Log:24 - user successfully select size
2023-10/06 14:44:57 INFO  Log:24 - user entered quantity
2023-10/06 14:45:07 INFO  Log:24 - user select the country
2023-10/06 14:45:17 INFO  Log:24 - user is successfully selected state
2023-10/06 14:45:27 INFO  Log:24 - zip code is entered
2023-10/06 14:45:56 INFO  Log:17 - =========searchArmaniProductTEST START=========
2023-10/06 14:45:59 INFO  Log:24 - searchArmaniProduct testcase is passed
2023-10/06 14:45:59 INFO  Log:20 - =========searchArmaniProductTEST END=======
2023-10/06 14:46:18 INFO  Log:17 - =========checkOutTestTEST START=========
2023-10/10 10:00:12 INFO  Log:17 - =========getMyStoreTitleTestTEST START=========
2023-10/10 10:00:12 INFO  Log:24 - getMyStoreTitleTest testcase is passed
2023-10/10 10:00:12 INFO  Log:20 - =========getMyStoreTitleTestTEST END=======
2023-10/10 10:00:35 INFO  Log:17 - =========verifyingMyStoreLogoTEST START=========
2023-10/10 10:00:35 INFO  Log:24 - verifyingMyStoreLogo testcase is passed
2023-10/10 10:00:35 INFO  Log:20 - =========verifyingMyStoreLogoTEST END=======
2023-10/10 10:00:57 INFO  Log:17 - =========gettingCuurentURLtestTEST START=========
2023-10/10 10:01:02 INFO  Log:24 - gettingCuurentURLtest testcase is passed
2023-10/10 10:01:02 INFO  Log:20 - =========gettingCuurentURLtestTEST END=======
2023-10/10 10:01:17 INFO  Log:17 - =========validateWellcomeMSGTEST START=========
2023-10/10 10:01:21 INFO  Log:24 - validateWellcomeMSG testcase is passed
2023-10/10 10:01:21 INFO  Log:20 - =========validateWellcomeMSGTEST END=======
2023-10/10 10:01:37 INFO  Log:17 - =========searchArmaniProductTEST START=========
2023-10/10 10:01:45 INFO  Log:24 - searchArmaniProduct testcase is passed
2023-10/10 10:01:45 INFO  Log:20 - =========searchArmaniProductTEST END=======
2023-10/10 10:01:58 INFO  Log:17 - =========addToCartPageTestTEST START=========
2023-10/10 10:02:09 INFO  Log:24 - addToCartPageTest testcase is passed
2023-10/10 10:02:09 INFO  Log:20 - =========addToCartPageTestTEST END=======
2023-10/10 10:02:20 INFO  Log:17 - =========checkOutTestTEST START=========
2023-10/10 10:02:37 INFO  Log:24 - checkOutTest testcase is passed
2023-10/10 10:02:37 INFO  Log:20 - =========checkOutTestTEST END=======
2023-10/10 10:02:50 INFO  Log:17 - =========confirmOrderTestTEST START=========
2023-10/10 10:03:08 INFO  Log:24 - confirmOrderTest testcase is passed
2023-10/10 10:03:08 INFO  Log:20 - =========confirmOrderTestTEST END=======
2023-10/10 10:03:19 INFO  Log:17 - =========endToEndTestTEST START=========
2023-10/10 10:03:19 INFO  Log:24 - user is going to click on the login
2023-10/10 10:03:24 INFO  Log:24 - user successfully entered login credentials
2023-10/10 10:03:26 INFO  Log:24 - user entered product by name
2023-10/10 10:03:28 INFO  Log:24 - user successfully select size
2023-10/10 10:03:28 INFO  Log:24 - user entered quantity
2023-10/10 10:03:30 INFO  Log:24 - user select the country
2023-10/10 10:03:30 INFO  Log:24 - user is successfully selected state
2023-10/10 10:03:30 INFO  Log:24 - zip code is entered
2023-10/10 10:03:33 INFO  Log:24 - user successfully click on  the checkout
2023-10/10 10:03:35 INFO  Log:24 - user successfully getting success message
2023-10/10 10:03:37 INFO  Log:24 - endToEndTest testcase is passed
2023-10/10 10:03:37 INFO  Log:20 - =========endToEndTestTEST END=======
